-------------------------------------------------------------------------------
Test set: com.Maven.demo.DemoApplicationTests
-------------------------------------------------------------------------------
Tests run: 1, Failures: 0, Errors: 1, Skipped: 0, Time elapsed: 0.25 s <<< FAILURE! - in com.Maven.demo.DemoApplicationTests
com.Maven.demo.DemoApplicationTests  Time elapsed: 0.247 s  <<< ERROR!
java.lang.IllegalStateException: Unable to find a @SpringBootConfiguration, you need to use @ContextConfiguration or @SpringBootTest(classes=...) with your test

